# JRE version: Java(TM) SE Runtime Environment (8.0_60-b27) (build 1.8.0_60-b27)
# Java VM: Java HotSpot(TM) 64-Bit Server VM (25.60-b23 mixed mode windows-amd64 compressed oops)
Heap:
 PSYoungGen      total 155648K, used 124379K [0x00000000eab00000, 0x00000000f4e00000, 0x0000000100000000)
  eden space 145408K, 83% used [0x00000000eab00000,0x00000000f210aec8,0x00000000f3900000)
  from space 10240K, 34% used [0x00000000f4400000,0x00000000f476c050,0x00000000f4e00000)
  to   space 10752K, 0% used [0x00000000f3900000,0x00000000f3900000,0x00000000f4380000)
 ParOldGen       total 61952K, used 8022K [0x00000000c0000000, 0x00000000c3c80000, 0x00000000eab00000)
  object space 61952K, 12% used [0x00000000c0000000,0x00000000c07d5830,0x00000000c3c80000)
 Metaspace       used 29809K, capacity 30760K, committed 30976K, reserved 1075200K
  class space    used 3998K, capacity 4317K, committed 4352K, reserved 1048576K
GC Heap History (10 events):
Event: 5.762 GC heap before
{Heap before GC invocations=5 (full 1):
 PSYoungGen      total 71680K, used 5088K [0x00000000eab00000, 0x00000000ef600000, 0x0000000100000000)
  eden space 66560K, 0% used [0x00000000eab00000,0x00000000eab00000,0x00000000eec00000)
  from space 5120K, 99% used [0x00000000ef100000,0x00000000ef5f8040,0x00000000ef600000)
  to   space 5120K, 0% used [0x00000000eec00000,0x00000000eec00000,0x00000000ef100000)
 ParOldGen       total 87552K, used 8773K [0x00000000c0000000, 0x00000000c5580000, 0x00000000eab00000)
  object space 87552K, 10% used [0x00000000c0000000,0x00000000c0891648,0x00000000c5580000)
 Metaspace       used 20751K, capacity 21120K, committed 21248K, reserved 1067008K
  class space    used 2832K, capacity 2980K, committed 3072K, reserved 1048576K
Event: 5.838 GC heap after
Heap after GC invocations=5 (full 1):
 PSYoungGen      total 71680K, used 0K [0x00000000eab00000, 0x00000000ef600000, 0x0000000100000000)
  eden space 66560K, 0% used [0x00000000eab00000,0x00000000eab00000,0x00000000eec00000)
  from space 5120K, 0% used [0x00000000ef100000,0x00000000ef100000,0x00000000ef600000)
  to   space 5120K, 0% used [0x00000000eec00000,0x00000000eec00000,0x00000000ef100000)
 ParOldGen       total 61952K, used 7998K [0x00000000c0000000, 0x00000000c3c80000, 0x00000000eab00000)
  object space 61952K, 12% used [0x00000000c0000000,0x00000000c07cf830,0x00000000c3c80000)
 Metaspace       used 20751K, capacity 21120K, committed 21248K, reserved 1067008K
  class space    used 2832K, capacity 2980K, committed 3072K, reserved 1048576K
}
Event: 6.387 GC heap before
{Heap before GC invocations=6 (full 1):
 PSYoungGen      total 71680K, used 66560K [0x00000000eab00000, 0x00000000ef600000, 0x0000000100000000)
  eden space 66560K, 100% used [0x00000000eab00000,0x00000000eec00000,0x00000000eec00000)
  from space 5120K, 0% used [0x00000000ef100000,0x00000000ef100000,0x00000000ef600000)
  to   space 5120K, 0% used [0x00000000eec00000,0x00000000eec00000,0x00000000ef100000)
 ParOldGen       total 61952K, used 7998K [0x00000000c0000000, 0x00000000c3c80000, 0x00000000eab00000)
  object space 61952K, 12% used [0x00000000c0000000,0x00000000c07cf830,0x00000000c3c80000)
 Metaspace       used 21144K, capacity 21542K, committed 21760K, reserved 1069056K
  class space    used 2887K, capacity 3013K, committed 3072K, reserved 1048576K
Event: 6.393 GC heap after
Heap after GC invocations=6 (full 1):
 PSYoungGen      total 71680K, used 976K [0x00000000eab00000, 0x00000000f2300000, 0x0000000100000000)
  eden space 66560K, 0% used [0x00000000eab00000,0x00000000eab00000,0x00000000eec00000)
  from space 5120K, 19% used [0x00000000eec00000,0x00000000eecf4030,0x00000000ef100000)
  to   space 11264K, 0% used [0x00000000f1800000,0x00000000f1800000,0x00000000f2300000)
 ParOldGen       total 61952K, used 8006K [0x00000000c0000000, 0x00000000c3c80000, 0x00000000eab00000)
  object space 61952K, 12% used [0x00000000c0000000,0x00000000c07d1830,0x00000000c3c80000)
 Metaspace       used 21144K, capacity 21542K, committed 21760K, reserved 1069056K
  class space    used 2887K, capacity 3013K, committed 3072K, reserved 1048576K
}
Event: 6.778 GC heap before
{Heap before GC invocations=7 (full 1):
 PSYoungGen      total 71680K, used 67536K [0x00000000eab00000, 0x00000000f2300000, 0x0000000100000000)
  eden space 66560K, 100% used [0x00000000eab00000,0x00000000eec00000,0x00000000eec00000)
  from space 5120K, 19% used [0x00000000eec00000,0x00000000eecf4030,0x00000000ef100000)
  to   space 11264K, 0% used [0x00000000f1800000,0x00000000f1800000,0x00000000f2300000)
 ParOldGen       total 61952K, used 8006K [0x00000000c0000000, 0x00000000c3c80000, 0x00000000eab00000)
  object space 61952K, 12% used [0x00000000c0000000,0x00000000c07d1830,0x00000000c3c80000)
 Metaspace       used 21144K, capacity 21542K, committed 21760K, reserved 1069056K
  class space    used 2887K, capacity 3013K, committed 3072K, reserved 1048576K
Event: 6.782 GC heap after
Heap after GC invocations=7 (full 1):
 PSYoungGen      total 110592K, used 1008K [0x00000000eab00000, 0x00000000f2300000, 0x0000000100000000)
  eden space 99328K, 0% used [0x00000000eab00000,0x00000000eab00000,0x00000000f0c00000)
  from space 11264K, 8% used [0x00000000f1800000,0x00000000f18fc030,0x00000000f2300000)
  to   space 11776K, 0% used [0x00000000f0c00000,0x00000000f0c00000,0x00000000f1780000)
 ParOldGen       total 61952K, used 8014K [0x00000000c0000000, 0x00000000c3c80000, 0x00000000eab00000)
  object space 61952K, 12% used [0x00000000c0000000,0x00000000c07d3830,0x00000000c3c80000)
 Metaspace       used 21144K, capacity 21542K, committed 21760K, reserved 1069056K
  class space    used 2887K, capacity 3013K, committed 3072K, reserved 1048576K
}
Event: 8.160 GC heap before
{Heap before GC invocations=8 (full 1):
 PSYoungGen      total 110592K, used 100336K [0x00000000eab00000, 0x00000000f2300000, 0x0000000100000000)
  eden space 99328K, 100% used [0x00000000eab00000,0x00000000f0c00000,0x00000000f0c00000)
  from space 11264K, 8% used [0x00000000f1800000,0x00000000f18fc030,0x00000000f2300000)
  to   space 11776K, 0% used [0x00000000f0c00000,0x00000000f0c00000,0x00000000f1780000)
 ParOldGen       total 61952K, used 8014K [0x00000000c0000000, 0x00000000c3c80000, 0x00000000eab00000)
  object space 61952K, 12% used [0x00000000c0000000,0x00000000c07d3830,0x00000000c3c80000)
 Metaspace       used 23316K, capacity 23958K, committed 24064K, reserved 1071104K
  class space    used 3049K, capacity 3275K, committed 3328K, reserved 1048576K
Event: 8.171 GC heap after
Heap after GC invocations=8 (full 1):
 PSYoungGen      total 111104K, used 3965K [0x00000000eab00000, 0x00000000f4f00000, 0x0000000100000000)
  eden space 99328K, 0% used [0x00000000eab00000,0x00000000eab00000,0x00000000f0c00000)
  from space 11776K, 33% used [0x00000000f0c00000,0x00000000f0fdf550,0x00000000f1780000)
  to   space 11264K, 0% used [0x00000000f4400000,0x00000000f4400000,0x00000000f4f00000)
 ParOldGen       total 61952K, used 8014K [0x00000000c0000000, 0x00000000c3c80000, 0x00000000eab00000)
  object space 61952K, 12% used [0x00000000c0000000,0x00000000c07d3830,0x00000000c3c80000)
 Metaspace       used 23316K, capacity 23958K, committed 24064K, reserved 1071104K
  class space    used 3049K, capacity 3275K, committed 3328K, reserved 1048576K
}
Event: 8.789 GC heap before
{Heap before GC invocations=9 (full 1):
 PSYoungGen      total 111104K, used 103293K [0x00000000eab00000, 0x00000000f4f00000, 0x0000000100000000)
  eden space 99328K, 100% used [0x00000000eab00000,0x00000000f0c00000,0x00000000f0c00000)
  from space 11776K, 33% used [0x00000000f0c00000,0x00000000f0fdf550,0x00000000f1780000)
  to   space 11264K, 0% used [0x00000000f4400000,0x00000000f4400000,0x00000000f4f00000)
 ParOldGen       total 61952K, used 8014K [0x00000000c0000000, 0x00000000c3c80000, 0x00000000eab00000)
  object space 61952K, 12% used [0x00000000c0000000,0x00000000c07d3830,0x00000000c3c80000)
 Metaspace       used 23319K, capacity 23958K, committed 24064K, reserved 1071104K
  class space    used 3050K, capacity 3275K, committed 3328K, reserved 1048576K
Event: 8.795 GC heap after
Heap after GC invocations=9 (full 1):
 PSYoungGen      total 155648K, used 3504K [0x00000000eab00000, 0x00000000f4e00000, 0x0000000100000000)
  eden space 145408K, 0% used [0x00000000eab00000,0x00000000eab00000,0x00000000f3900000)
  from space 10240K, 34% used [0x00000000f4400000,0x00000000f476c050,0x00000000f4e00000)
  to   space 10752K, 0% used [0x00000000f3900000,0x00000000f3900000,0x00000000f4380000)
 ParOldGen       total 61952K, used 8022K [0x00000000c0000000, 0x00000000c3c80000, 0x00000000eab00000)
  object space 61952K, 12% used [0x00000000c0000000,0x00000000c07d5830,0x00000000c3c80000)
 Metaspace       used 23319K, capacity 23958K, committed 24064K, reserved 1071104K
  class space    used 3050K, capacity 3275K, committed 3328K, reserved 1048576K
}

