# JRE version: Java(TM) SE Runtime Environment (8.0_60-b27) (build 1.8.0_60-b27)
# Java VM: Java HotSpot(TM) 64-Bit Server VM (25.60-b23 mixed mode windows-amd64 compressed oops)
Heap:
 PSYoungGen      total 106496K, used 46949K [0x00000000eab00000, 0x00000000f3200000, 0x0000000100000000)
  eden space 95744K, 46% used [0x00000000eab00000,0x00000000ed60bfe0,0x00000000f0880000)
  from space 10752K, 26% used [0x00000000f1280000,0x00000000f154d710,0x00000000f1d00000)
  to   space 10240K, 0% used [0x00000000f0880000,0x00000000f0880000,0x00000000f1280000)
 ParOldGen       total 66560K, used 13622K [0x00000000c0000000, 0x00000000c4100000, 0x00000000eab00000)
  object space 66560K, 20% used [0x00000000c0000000,0x00000000c0d4dbd0,0x00000000c4100000)
 Metaspace       used 30761K, capacity 32036K, committed 32256K, reserved 1077248K
  class space    used 4090K, capacity 4562K, committed 4608K, reserved 1048576K
GC Heap History (10 events):
Event: 10.919 GC heap before
{Heap before GC invocations=14 (full 2):
 PSYoungGen      total 115712K, used 7523K [0x00000000eab00000, 0x00000000f2880000, 0x0000000100000000)
  eden space 104448K, 0% used [0x00000000eab00000,0x00000000eab00000,0x00000000f1100000)
  from space 11264K, 66% used [0x00000000f1c80000,0x00000000f23d8fc8,0x00000000f2780000)
  to   space 11776K, 0% used [0x00000000f1100000,0x00000000f1100000,0x00000000f1c80000)
 ParOldGen       total 66560K, used 7928K [0x00000000c0000000, 0x00000000c4100000, 0x00000000eab00000)
  object space 66560K, 11% used [0x00000000c0000000,0x00000000c07be298,0x00000000c4100000)
 Metaspace       used 25378K, capacity 26092K, committed 26240K, reserved 1071104K
  class space    used 3370K, capacity 3625K, committed 3712K, reserved 1048576K
Event: 11.043 GC heap after
Heap after GC invocations=14 (full 2):
 PSYoungGen      total 115712K, used 0K [0x00000000eab00000, 0x00000000f2880000, 0x0000000100000000)
  eden space 104448K, 0% used [0x00000000eab00000,0x00000000eab00000,0x00000000f1100000)
  from space 11264K, 0% used [0x00000000f1c80000,0x00000000f1c80000,0x00000000f2780000)
  to   space 11776K, 0% used [0x00000000f1100000,0x00000000f1100000,0x00000000f1c80000)
 ParOldGen       total 66560K, used 13606K [0x00000000c0000000, 0x00000000c4100000, 0x00000000eab00000)
  object space 66560K, 20% used [0x00000000c0000000,0x00000000c0d49bd0,0x00000000c4100000)
 Metaspace       used 25344K, capacity 25978K, committed 26240K, reserved 1071104K
  class space    used 3364K, capacity 3591K, committed 3712K, reserved 1048576K
}
Event: 5240.010 GC heap before
{Heap before GC invocations=15 (full 2):
 PSYoungGen      total 115712K, used 104448K [0x00000000eab00000, 0x00000000f2880000, 0x0000000100000000)
  eden space 104448K, 100% used [0x00000000eab00000,0x00000000f1100000,0x00000000f1100000)
  from space 11264K, 0% used [0x00000000f1c80000,0x00000000f1c80000,0x00000000f2780000)
  to   space 11776K, 0% used [0x00000000f1100000,0x00000000f1100000,0x00000000f1c80000)
 ParOldGen       total 66560K, used 13606K [0x00000000c0000000, 0x00000000c4100000, 0x00000000eab00000)
  object space 66560K, 20% used [0x00000000c0000000,0x00000000c0d49bd0,0x00000000c4100000)
 Metaspace       used 25882K, capacity 26882K, committed 27136K, reserved 1073152K
  class space    used 3424K, capacity 3765K, committed 3840K, reserved 1048576K
Event: 5240.017 GC heap after
Heap after GC invocations=15 (full 2):
 PSYoungGen      total 102912K, used 1504K [0x00000000eab00000, 0x00000000f2400000, 0x0000000100000000)
  eden space 101376K, 0% used [0x00000000eab00000,0x00000000eab00000,0x00000000f0e00000)
  from space 1536K, 97% used [0x00000000f1100000,0x00000000f1278020,0x00000000f1280000)
  to   space 11264K, 0% used [0x00000000f1900000,0x00000000f1900000,0x00000000f2400000)
 ParOldGen       total 66560K, used 13614K [0x00000000c0000000, 0x00000000c4100000, 0x00000000eab00000)
  object space 66560K, 20% used [0x00000000c0000000,0x00000000c0d4bbd0,0x00000000c4100000)
 Metaspace       used 25882K, capacity 26882K, committed 27136K, reserved 1073152K
  class space    used 3424K, capacity 3765K, committed 3840K, reserved 1048576K
}
Event: 5240.516 GC heap before
{Heap before GC invocations=16 (full 2):
 PSYoungGen      total 102912K, used 102880K [0x00000000eab00000, 0x00000000f2400000, 0x0000000100000000)
  eden space 101376K, 100% used [0x00000000eab00000,0x00000000f0e00000,0x00000000f0e00000)
  from space 1536K, 97% used [0x00000000f1100000,0x00000000f1278020,0x00000000f1280000)
  to   space 11264K, 0% used [0x00000000f1900000,0x00000000f1900000,0x00000000f2400000)
 ParOldGen       total 66560K, used 13614K [0x00000000c0000000, 0x00000000c4100000, 0x00000000eab00000)
  object space 66560K, 20% used [0x00000000c0000000,0x00000000c0d4bbd0,0x00000000c4100000)
 Metaspace       used 25882K, capacity 26882K, committed 27136K, reserved 1073152K
  class space    used 3424K, capacity 3765K, committed 3840K, reserved 1048576K
Event: 5240.521 GC heap after
Heap after GC invocations=16 (full 2):
 PSYoungGen      total 106496K, used 1664K [0x00000000eab00000, 0x00000000f2100000, 0x0000000100000000)
  eden space 98304K, 0% used [0x00000000eab00000,0x00000000eab00000,0x00000000f0b00000)
  from space 8192K, 20% used [0x00000000f1900000,0x00000000f1aa0020,0x00000000f2100000)
  to   space 11264K, 0% used [0x00000000f0b00000,0x00000000f0b00000,0x00000000f1600000)
 ParOldGen       total 66560K, used 13614K [0x00000000c0000000, 0x00000000c4100000, 0x00000000eab00000)
  object space 66560K, 20% used [0x00000000c0000000,0x00000000c0d4bbd0,0x00000000c4100000)
 Metaspace       used 25882K, capacity 26882K, committed 27136K, reserved 1073152K
  class space    used 3424K, capacity 3765K, committed 3840K, reserved 1048576K
}
Event: 5241.302 GC heap before
{Heap before GC invocations=17 (full 2):
 PSYoungGen      total 106496K, used 99968K [0x00000000eab00000, 0x00000000f2100000, 0x0000000100000000)
  eden space 98304K, 100% used [0x00000000eab00000,0x00000000f0b00000,0x00000000f0b00000)
  from space 8192K, 20% used [0x00000000f1900000,0x00000000f1aa0020,0x00000000f2100000)
  to   space 11264K, 0% used [0x00000000f0b00000,0x00000000f0b00000,0x00000000f1600000)
 ParOldGen       total 66560K, used 13614K [0x00000000c0000000, 0x00000000c4100000, 0x00000000eab00000)
  object space 66560K, 20% used [0x00000000c0000000,0x00000000c0d4bbd0,0x00000000c4100000)
 Metaspace       used 26622K, capacity 27696K, committed 27776K, reserved 1073152K
  class space    used 3522K, capacity 3899K, committed 3968K, reserved 1048576K
Event: 5241.310 GC heap after
Heap after GC invocations=17 (full 2):
 PSYoungGen      total 98304K, used 2937K [0x00000000eab00000, 0x00000000f1d00000, 0x0000000100000000)
  eden space 95232K, 0% used [0x00000000eab00000,0x00000000eab00000,0x00000000f0800000)
  from space 3072K, 95% used [0x00000000f0b00000,0x00000000f0dde660,0x00000000f0e00000)
  to   space 10752K, 0% used [0x00000000f1280000,0x00000000f1280000,0x00000000f1d00000)
 ParOldGen       total 66560K, used 13614K [0x00000000c0000000, 0x00000000c4100000, 0x00000000eab00000)
  object space 66560K, 20% used [0x00000000c0000000,0x00000000c0d4bbd0,0x00000000c4100000)
 Metaspace       used 26622K, capacity 27696K, committed 27776K, reserved 1073152K
  class space    used 3522K, capacity 3899K, committed 3968K, reserved 1048576K
}
Event: 5241.635 GC heap before
{Heap before GC invocations=18 (full 2):
 PSYoungGen      total 98304K, used 98169K [0x00000000eab00000, 0x00000000f1d00000, 0x0000000100000000)
  eden space 95232K, 100% used [0x00000000eab00000,0x00000000f0800000,0x00000000f0800000)
  from space 3072K, 95% used [0x00000000f0b00000,0x00000000f0dde660,0x00000000f0e00000)
  to   space 10752K, 0% used [0x00000000f1280000,0x00000000f1280000,0x00000000f1d00000)
 ParOldGen       total 66560K, used 13614K [0x00000000c0000000, 0x00000000c4100000, 0x00000000eab00000)
  object space 66560K, 20% used [0x00000000c0000000,0x00000000c0d4bbd0,0x00000000c4100000)
 Metaspace       used 26622K, capacity 27696K, committed 27776K, reserved 1073152K
  class space    used 3522K, capacity 3899K, committed 3968K, reserved 1048576K
Event: 5241.639 GC heap after
Heap after GC invocations=18 (full 2):
 PSYoungGen      total 106496K, used 2869K [0x00000000eab00000, 0x00000000f3200000, 0x0000000100000000)
  eden space 95744K, 0% used [0x00000000eab00000,0x00000000eab00000,0x00000000f0880000)
  from space 10752K, 26% used [0x00000000f1280000,0x00000000f154d710,0x00000000f1d00000)
  to   space 10240K, 0% used [0x00000000f0880000,0x00000000f0880000,0x00000000f1280000)
 ParOldGen       total 66560K, used 13622K [0x00000000c0000000, 0x00000000c4100000, 0x00000000eab00000)
  object space 66560K, 20% used [0x00000000c0000000,0x00000000c0d4dbd0,0x00000000c4100000)
 Metaspace       used 26622K, capacity 27696K, committed 27776K, reserved 1073152K
  class space    used 3522K, capacity 3899K, committed 3968K, reserved 1048576K
}

